<?xml version="1.0" encoding="UTF-8"?>
<!-- Generated by org.testng.reporters.JUnitReportReporter -->
<testsuite skipped="0" hostname="Lenovo-PC" name="webdriver.scripts.JavaScriptExecutorTest" tests="1" failures="0" timestamp="30 Mar 2019 02:36:30 GMT" time="10.625" errors="0">
  <testcase name="JavaScriptExecutorMethods" time="10.625" classname="webdriver.scripts.JavaScriptExecutorTest"/>
</testsuite> <!-- webdriver.scripts.JavaScriptExecutorTest -->
